MPASM 5.87                      PARCIAL2.ASM   11-3-2021  21:04:44         PAGE  1


LOC  OBJECT CODE     LINE SOURCE TEXT
  VALUE

                      00001 #include "p16F887.inc"   ; TODO INSERT CONFIG CODE HERE USING CONFIG BITS GENERATOR
                      00001         LIST
                      00002 
                      00003 ;==========================================================================
                      00004 ; Build date : Jan 06 2020
                      00005 ;  MPASM PIC16F887 processor include
                      00006 ; 
                      00007 ;  (c) Copyright 1999-2020 Microchip Technology, All rights reserved
                      00008 ;==========================================================================
                      00009 
                      00810         LIST
2007   2CF4           00002         __CONFIG        _CONFIG1,       _INTRC_OSC_NOCLKOUT & _WDT_OFF & _PWRTE_OFF & _MCLRE_ON & _CP_OF
                            F & _CPD_OFF & _BOR_OFF & _IESO_ON & _FCMEN_ON & _LVP_OFF 
2008   3FFF           00003         __CONFIG        _CONFIG2,       _BOR40V & _WRT_OFF
                      00004 
                      00005 RES_VECT  CODE    0x0000            ; processor reset vector
0000   2???           00006     GOTO    START                   ; go to beginning of program
                      00007 
                      00008 MAIN_PROG CODE                      ; let linker place main program                      ; let linker pl
                            ace main program
                      00009 
                      00010 
  00000022            00011 i EQU 0x22
  00000023            00012 j EQU 0x23
  00000024            00013 bin EQU 0x24
  00000025            00014 x1 EQU 0x25
  00000026            00015 x2 EQU 0x26
  00000027            00016 x3 EQU 0x27
  00000028            00017 x4 EQU 0x28
  00000029            00018 x5 EQU 0x29
  00000030            00019 x6 EQU 0x30
  00000031            00020 x7 EQU 0x31
  00000032            00021 x8 EQU 0x32
  00000033            00022 aux EQU 0x33
  00000034            00023 ban EQU 0x34
  00000035            00024 carr EQU 0x35
  00000036            00025 p1 EQU 0x36
  00000037            00026 p2 EQU 0x37
  00000038            00027 p3 EQU 0x38
  00000039            00028 p4 EQU 0x39
  00000040            00029 p5 EQU 0x40
  00000041            00030 p6 EQU 0x41
  00000042            00031 p7 EQU 0x42
  00000043            00032 p8 EQU 0x43
  00000044            00033 y equ 0x44
  00000045            00034 t equ 0x45
  00000046            00035 k equ 0x46
  00000047            00036 m equ 0x47
                      00037  
0000                  00038 START
                      00039 
0000   1283 1303      00040     BANKSEL PORTA ;
0002   0185           00041     CLRF PORTA ;Init PORTA
MPASM 5.87                      PARCIAL2.ASM   11-3-2021  21:04:44         PAGE  2


LOC  OBJECT CODE     LINE SOURCE TEXT
  VALUE

0003   1683 1703      00042     BANKSEL ANSEL ;
Message[302]: Register in operand not in bank 0.  Ensure that bank bits are correct.
0005   0188           00043     CLRF ANSEL ;digital I/O
Message[302]: Register in operand not in bank 0.  Ensure that bank bits are correct.
0006   0189           00044     CLRF ANSELH
0007   1683 1303      00045     BANKSEL TRISA ;
Message[302]: Register in operand not in bank 0.  Ensure that bank bits are correct.
0009   0185           00046     CLRF TRISA
Message[302]: Register in operand not in bank 0.  Ensure that bank bits are correct.
000A   0186           00047     CLRF TRISB
Message[302]: Register in operand not in bank 0.  Ensure that bank bits are correct.
000B   0187           00048     CLRF TRISC
Message[302]: Register in operand not in bank 0.  Ensure that bank bits are correct.
000C   0188           00049     CLRF TRISD
Message[302]: Register in operand not in bank 0.  Ensure that bank bits are correct.
000D   0189           00050     CLRF TRISE
000E   3000           00051     MOVLW b'00000000' 
Message[302]: Register in operand not in bank 0.  Ensure that bank bits are correct.
000F   0087           00052     MOVWF TRISC
0010   30FF           00053     MOVLW b'11111111' 
Message[302]: Register in operand not in bank 0.  Ensure that bank bits are correct.
0011   0088           00054     MOVWF TRISD
0012   1303           00055     BCF STATUS,RP1
0013   1283           00056     BCF STATUS,RP0
0014   0185           00057     CLRF PORTA
0015   0186           00058     CLRF PORTB
0016   0187           00059     CLRF PORTC
0017   0188           00060     CLRF PORTD
0018   0189           00061     CLRF PORTE
                      00062     
0019   01B4           00063     CLRF ban
001A   01B5           00064     CLRF carr
001B   01A5           00065     CLRF x1
001C   01A6           00066     CLRF x2
001D   01A7           00067     CLRF x3
001E   01A8           00068     CLRF x4
001F   01A9           00069     CLRF x5
0020   01B0           00070     CLRF x6
0021   01B1           00071     CLRF x7
0022   01B2           00072     CLRF x8
                      00073     
0023   01B6           00074     CLRF p1
0024   01B7           00075     CLRF p2
0025   01B8           00076     CLRF p3
0026   01B9           00077     CLRF p4
0027   01C0           00078     CLRF p5
0028   01C1           00079     CLRF p6
0029   01C2           00080     CLRF p7
002A   01C3           00081     CLRF p8
                      00082     
002B   01B3           00083     CLRF aux
                      00084       
                      00085     
MPASM 5.87                      PARCIAL2.ASM   11-3-2021  21:04:44         PAGE  3


LOC  OBJECT CODE     LINE SOURCE TEXT
  VALUE

002C                  00086 INITLCD
002C   1005           00087     BCF PORTA,0         ;reset
002D   3001           00088     MOVLW 0x01
002E   0086           00089     MOVWF PORTB
                      00090     
002F   1485           00091     BSF PORTA,1         ;exec
0030   2???           00092     CALL time
0031   1085           00093     BCF PORTA,1
0032   2???           00094     CALL time
                      00095     
0033   300C           00096     MOVLW 0x0C          ;first line
0034   0086           00097     MOVWF PORTB
                      00098     
0035   1485           00099     BSF PORTA,1         ;exec
0036   2???           00100     CALL time
0037   1085           00101     BCF PORTA,1
0038   2???           00102     CALL time
                      00103          
0039   303C           00104     MOVLW 0x3C          ;cursor mode
003A   0086           00105     MOVWF PORTB
                      00106     
003B   1485           00107     BSF PORTA,1         ;exec
003C   2???           00108     CALL time
003D   1085           00109     BCF PORTA,1
003E   2???           00110     CALL time
                      00111     
                      00112     
003F   2???           00113     CALL PANTALLA1
0040   2???           00114     CALL clear
0041   2???           00115     CALL CLAVE
0042   2???           00116     CALL PASSWORD  
                      00117      
                      00118     
0043                  00119 INICIO
0043   2???           00120     CALL ENTRY
                      00121     ;CALL OCULTAR    
0044   2???           00122     GOTO FLEX
                      00123 
0045                  00124 FLEX:
0045   2???           00125     CALL GUARDADO
0046   2???           00126     CALL COMP   
0047   2???           00127     GOTO INICIO
0048                  00128 PANTALLA1:
0048   1005           00129     BCF PORTA,0         ;command mode
0049   2???           00130     CALL time
                      00131     
004A   3083           00132     MOVLW 0x83          ;LCD position
004B   0086           00133     MOVWF PORTB
004C   2???           00134     CALL exec
                      00135     
004D   1405           00136     BSF PORTA,0         ;data mode
004E   2???           00137     CALL time
                      00138     
MPASM 5.87                      PARCIAL2.ASM   11-3-2021  21:04:44         PAGE  4


LOC  OBJECT CODE     LINE SOURCE TEXT
  VALUE

004F   3057           00139     MOVLW 'W'
0050   0086           00140     MOVWF PORTB
0051   2???           00141     CALL exec
                      00142     
0052   3049           00143     MOVLW 'I'
0053   0086           00144     MOVWF PORTB
0054   2???           00145     CALL exec
                      00146     
0055   304E           00147     MOVLW 'N'
0056   0086           00148     MOVWF PORTB
0057   2???           00149     CALL exec
                      00150     
0058   3044           00151     MOVLW 'D'
0059   0086           00152     MOVWF PORTB
005A   2???           00153     CALL exec
                      00154     
005B   304F           00155     MOVLW 'O'
005C   0086           00156     MOVWF PORTB
005D   2???           00157     CALL exec
                      00158     
005E   3057           00159     MOVLW 'W'
005F   0086           00160     MOVWF PORTB
0060   2???           00161     CALL exec
                      00162     
0061   3053           00163     MOVLW 'S'
0062   0086           00164     MOVWF PORTB
0063   2???           00165     CALL exec
                      00166     
0064   3020           00167     MOVLW ' '
0065   0086           00168     MOVWF PORTB
0066   2???           00169     CALL exec
                      00170     
0067   3031           00171     MOVLW '1'
0068   0086           00172     MOVWF PORTB
0069   2???           00173     CALL exec
                      00174     
006A   3030           00175     MOVLW '0'
006B   0086           00176     MOVWF PORTB
006C   2???           00177     CALL exec
                      00178     
006D   1005           00179     BCF PORTA,0         ;command mode
006E   2???           00180     CALL time
                      00181     
006F   3092           00182     MOVLW 0x92          ;LCD position
0070   0086           00183     MOVWF PORTB
0071   2???           00184     CALL exec
                      00185 
0072   1405           00186     BSF PORTA,0         ;data mode
0073   2???           00187     CALL time
                      00188 
0074   302A           00189     MOVLW '*'
0075   0086           00190     MOVWF PORTB
0076   2???           00191     CALL exec
MPASM 5.87                      PARCIAL2.ASM   11-3-2021  21:04:44         PAGE  5


LOC  OBJECT CODE     LINE SOURCE TEXT
  VALUE

                      00192     
0077   3049           00193     MOVLW 'I'
0078   0086           00194     MOVWF PORTB
0079   2???           00195     CALL exec
                      00196     
007A   304E           00197     MOVLW 'N'
007B   0086           00198     MOVWF PORTB
007C   2???           00199     CALL exec
                      00200     
007D   3049           00201     MOVLW 'I'
007E   0086           00202     MOVWF PORTB
007F   2???           00203     CALL exec
                      00204     
0080   3043           00205     MOVLW 'C'
0081   0086           00206     MOVWF PORTB
0082   2???           00207     CALL exec
                      00208     
0083   3049           00209     MOVLW 'I'
0084   0086           00210     MOVWF PORTB
0085   2???           00211     CALL exec
                      00212     
0086   3041           00213     MOVLW 'A'
0087   0086           00214     MOVWF PORTB
0088   2???           00215     CALL exec
                      00216     
0089   3020           00217     MOVLW ' '
008A   0086           00218     MOVWF PORTB
008B   2???           00219     CALL exec
                      00220     
008C   3055           00221     MOVLW 'U'
008D   0086           00222     MOVWF PORTB
008E   2???           00223     CALL exec
                      00224     
008F   3053           00225     MOVLW 'S'
0090   0086           00226     MOVWF PORTB
0091   2???           00227     CALL exec
                      00228     
0092   3045           00229     MOVLW 'E'
0093   0086           00230     MOVWF PORTB
0094   2???           00231     CALL exec
                      00232 
0095   3052           00233     MOVLW 'R'
0096   0086           00234     MOVWF PORTB
0097   2???           00235     CALL exec
                      00236     
0098   1005           00237     BCF PORTA,0         ;command mode
0099   2???           00238     CALL time
                      00239     
009A   30D2           00240     MOVLW 0xD2          ;LCD position
009B   0086           00241     MOVWF PORTB
009C   2???           00242     CALL exec
                      00243 
009D   1405           00244     BSF PORTA,0         ;data mode
MPASM 5.87                      PARCIAL2.ASM   11-3-2021  21:04:44         PAGE  6


LOC  OBJECT CODE     LINE SOURCE TEXT
  VALUE

009E   2???           00245     CALL time
                      00246     
009F   3049           00247     MOVLW 'I'
00A0   0086           00248     MOVWF PORTB
00A1   2???           00249     CALL exec
                      00250     
00A2   304E           00251     MOVLW 'N'
00A3   0086           00252     MOVWF PORTB
00A4   2???           00253     CALL exec
                      00254     
00A5   3049           00255     MOVLW 'I'
00A6   0086           00256     MOVWF PORTB
00A7   2???           00257     CALL exec
                      00258     
00A8   3043           00259     MOVLW 'C'
00A9   0086           00260     MOVWF PORTB
00AA   2???           00261     CALL exec
                      00262     
00AB   3049           00263     MOVLW 'I'
00AC   0086           00264     MOVWF PORTB
00AD   2???           00265     CALL exec
                      00266     
00AE   3041           00267     MOVLW 'A'
00AF   0086           00268     MOVWF PORTB
00B0   2???           00269     CALL exec
                      00270     
00B1   304E           00271     MOVLW 'N'
00B2   0086           00272     MOVWF PORTB
00B3   2???           00273     CALL exec
                      00274     
00B4   3044           00275     MOVLW 'D'
00B5   0086           00276     MOVWF PORTB
00B6   2???           00277     CALL exec
                      00278     
00B7   304F           00279     MOVLW 'O'
00B8   0086           00280     MOVWF PORTB
00B9   2???           00281     CALL exec
                      00282     
00BA   3020           00283     MOVLW ' '
00BB   0086           00284     MOVWF PORTB
00BC   2???           00285     CALL exec
                      00286     
00BD   302E           00287     MOVLW '.'
00BE   0086           00288     MOVWF PORTB
00BF   2???           00289     CALL exec
                      00290     
00C0   302E           00291     MOVLW '.'
00C1   0086           00292     MOVWF PORTB
00C2   2???           00293     CALL exec
                      00294     
00C3   302E           00295     MOVLW '.'
00C4   0086           00296     MOVWF PORTB
00C5   2???           00297     CALL exec
MPASM 5.87                      PARCIAL2.ASM   11-3-2021  21:04:44         PAGE  7


LOC  OBJECT CODE     LINE SOURCE TEXT
  VALUE

                      00298    
00C6   1007           00299     BCF PORTC, 0
00C7   1487           00300     BSF PORTC, 1  
00C8   1888           00301     BTFSC PORTD, 1
00C9   0008           00302     RETURN
00CA   2???           00303     CALL DELAY5S
                      00304  
00CB                  00305 PASSWORD:
00CB   1005           00306     BCF PORTA,0         ;command mode
00CC   2???           00307     CALL time
                      00308     
00CD   3090           00309     MOVLW 0x90          ;LCD position
00CE   0086           00310     MOVWF PORTB
00CF   2???           00311     CALL exec
                      00312     
00D0   1405           00313     BSF PORTA,0         ;data mode
00D1   2???           00314     CALL time
                      00315     
00D2   3050           00316     MOVLW 'P'
00D3   0086           00317     MOVWF PORTB
00D4   2???           00318     CALL exec
                      00319     
00D5   3052           00320     MOVLW 'R'
00D6   0086           00321     MOVWF PORTB
00D7   2???           00322     CALL exec
                      00323     
00D8   3055           00324     MOVLW 'U'
00D9   0086           00325     MOVWF PORTB
00DA   2???           00326     CALL exec
                      00327     
00DB   3045           00328     MOVLW 'E'
00DC   0086           00329     MOVWF PORTB
00DD   2???           00330     CALL exec
                      00331     
00DE   3042           00332     MOVLW 'B'
00DF   0086           00333     MOVWF PORTB
00E0   2???           00334     CALL exec
                      00335     
00E1   3041           00336     MOVLW 'A'
00E2   0086           00337     MOVWF PORTB
00E3   2???           00338     CALL exec
                      00339     
00E4   3020           00340     MOVLW ' '
00E5   0086           00341     MOVWF PORTB
00E6   2???           00342     CALL exec
                      00343     
00E7   303A           00344     MOVLW ':'
00E8   0086           00345     MOVWF PORTB
00E9   2???           00346     CALL exec
                      00347     
                      00348     
                      00349     
00EA   3020           00350     MOVLW ' '
MPASM 5.87                      PARCIAL2.ASM   11-3-2021  21:04:44         PAGE  8


LOC  OBJECT CODE     LINE SOURCE TEXT
  VALUE

00EB   0086           00351     MOVWF PORTB
00EC   2???           00352     CALL exec
00ED   0008           00353     RETURN
                      00354  
00EE                  00355 OCULTAR:
00EE   1005           00356     BCF PORTA,0         ;command mode
00EF   2???           00357     CALL time
                      00358     
00F0   30C8           00359     MOVLW 0xC8          ;LCD position
00F1   0086           00360     MOVWF PORTB
00F2   2???           00361     CALL exec
                      00362     
00F3   1405           00363     BSF PORTA,0         ;data mode
00F4   2???           00364     CALL time
                      00365     
00F5   302A           00366     MOVLW '*'
00F6   0086           00367     MOVWF PORTB
00F7   2???           00368     CALL exec
                      00369     
00F8   302A           00370     MOVLW '*'
00F9   0086           00371     MOVWF PORTB
00FA   2???           00372     CALL exec
                      00373     
00FB   302A           00374     MOVLW '*'
00FC   0086           00375     MOVWF PORTB
00FD   2???           00376     CALL exec
                      00377     
00FE   302A           00378     MOVLW '*'
00FF   0086           00379     MOVWF PORTB
0100   2???           00380     CALL exec
                      00381     
0101   302A           00382     MOVLW '*'
0102   0086           00383     MOVWF PORTB
0103   2???           00384     CALL exec
                      00385     
0104   302A           00386     MOVLW '*'
0105   0086           00387     MOVWF PORTB
0106   2???           00388     CALL exec
                      00389     
0107   302A           00390     MOVLW '*'
0108   0086           00391     MOVWF PORTB
0109   2???           00392     CALL exec
                      00393     
010A   302A           00394     MOVLW '*'
010B   0086           00395     MOVWF PORTB
010C   2???           00396     CALL exec
                      00397     
010D                  00398 CLAVE:
010D   1005           00399     BCF PORTA,0         ;command mode
010E   2???           00400     CALL time
                      00401     
010F   3080           00402     MOVLW 0x80          ;LCD position
0110   0086           00403     MOVWF PORTB
MPASM 5.87                      PARCIAL2.ASM   11-3-2021  21:04:44         PAGE  9


LOC  OBJECT CODE     LINE SOURCE TEXT
  VALUE

0111   2???           00404     CALL exec
                      00405     
0112   1405           00406     BSF PORTA,0         ;data mode
0113   2???           00407     CALL time
                      00408     
0114   3052           00409     MOVLW 'R'
0115   0086           00410     MOVWF PORTB
0116   2???           00411     CALL exec
                      00412     
0117   3045           00413     MOVLW 'E'
0118   0086           00414     MOVWF PORTB
0119   2???           00415     CALL exec
                      00416     
011A   3041           00417     MOVLW 'A'
011B   0086           00418     MOVWF PORTB
011C   2???           00419     CALL exec
                      00420     
011D   304C           00421     MOVLW 'L'
011E   0086           00422     MOVWF PORTB
011F   2???           00423     CALL exec
                      00424     
0120   303A           00425     MOVLW ':'
0121   0086           00426     MOVWF PORTB
0122   2???           00427     CALL exec
                      00428    
0123   3020           00429     MOVLW ' '
0124   0086           00430     MOVWF PORTB
0125   2???           00431     CALL exec
                      00432    
0126   0008           00433     RETURN 
                      00434     
0127                  00435 POS1:    
0127   1005           00436     BCF PORTA,0         ;command mode
0128   2???           00437     CALL time
                      00438     
0129   30C8           00439     MOVLW 0xC8          ;LCD position
012A   0086           00440     MOVWF PORTB
012B   2???           00441     CALL exec
                      00442     
012C   1405           00443     BSF PORTA,0         ;data mode
012D   2???           00444     CALL time
012E   0008           00445     RETURN
                      00446     
012F                  00447 POS2:
012F   1005           00448     BCF PORTA,0         ;command mode
0130   2???           00449     CALL time
                      00450     
0131   30D8           00451     MOVLW 0xD8          ;LCD position
0132   0086           00452     MOVWF PORTB
0133   2???           00453     CALL exec
                      00454     
0134   1405           00455     BSF PORTA,0         ;data mode
0135   2???           00456     CALL time
MPASM 5.87                      PARCIAL2.ASM   11-3-2021  21:04:44         PAGE 10


LOC  OBJECT CODE     LINE SOURCE TEXT
  VALUE

0136   0008           00457     RETURN
                      00458     
                      00459     
0137                  00460 ENTRY:
0137   2???           00461     CALL POS1
0138   2???           00462     CALL SCAN
0139   1C34           00463     BTFSS ban, 0
013A   2???           00464     GOTO $-2
013B   0833           00465     MOVFW aux
013C   00B6           00466     MOVWF p1
                      00467     
013D   2???           00468     CALL SCAN
013E   1C34           00469     BTFSS ban, 0
013F   2???           00470     GOTO $-2
0140   0833           00471     MOVFW aux
0141   00B7           00472     MOVWF p2
                      00473    
0142   2???           00474     CALL SCAN
0143   1C34           00475     BTFSS ban, 0
0144   2???           00476     GOTO $-2
0145   0833           00477     MOVFW aux
0146   00B8           00478     MOVWF p3
                      00479     
0147   2???           00480     CALL SCAN
0148   1C34           00481     BTFSS ban, 0
0149   2???           00482     GOTO $-2
014A   0833           00483     MOVFW aux
014B   00B9           00484     MOVWF p4
                      00485    
014C   2???           00486     CALL SCAN
014D   1C34           00487     BTFSS ban, 0
014E   2???           00488     GOTO $-2
014F   0833           00489     MOVFW aux
0150   00C0           00490     MOVWF p5
                      00491     
0151   2???           00492     CALL SCAN
0152   1C34           00493     BTFSS ban, 0
0153   2???           00494     GOTO $-2
0154   0833           00495     MOVFW aux
0155   00C1           00496     MOVWF p6 
                      00497     
0156   2???           00498     CALL SCAN
0157   1C34           00499     BTFSS ban, 0
0158   2???           00500     GOTO $-2
0159   0833           00501     MOVFW aux
015A   00C2           00502     MOVWF p7
                      00503     
015B   2???           00504     CALL SCAN
015C   1C34           00505     BTFSS ban, 0
015D   2???           00506     GOTO $-2
015E   0833           00507     MOVFW aux
015F   00C3           00508     MOVWF p8
                      00509    
MPASM 5.87                      PARCIAL2.ASM   11-3-2021  21:04:44         PAGE 11


LOC  OBJECT CODE     LINE SOURCE TEXT
  VALUE

0160   0008           00510     RETURN
                      00511     
0161                  00512 GUARDADO:
                      00513     
0161   2???           00514     CALL POS2
0162   2???           00515     CALL SCAN
0163   1C34           00516     BTFSS ban, 0
0164   2???           00517     GOTO $-2
0165   0833           00518     MOVFW aux
0166   00A5           00519     MOVWF x1
                      00520    
0167   2???           00521     CALL SCAN
0168   1C34           00522     BTFSS ban, 0
0169   2???           00523     GOTO $-2
016A   0833           00524     MOVFW aux
016B   00A6           00525     MOVWF x2
                      00526     
016C   2???           00527     CALL SCAN
016D   1C34           00528     BTFSS ban, 0
016E   2???           00529     GOTO $-2
016F   0833           00530     MOVFW aux
0170   00A7           00531     MOVWF x3
                      00532     
0171   2???           00533     CALL SCAN
0172   1C34           00534     BTFSS ban, 0
0173   2???           00535     GOTO $-2
0174   0833           00536     MOVFW aux
0175   00A8           00537     MOVWF x4
                      00538     
0176   2???           00539     CALL SCAN
0177   1C34           00540     BTFSS ban, 0
0178   2???           00541     GOTO $-2
0179   0833           00542     MOVFW aux
017A   00A9           00543     MOVWF x5
                      00544    
017B   2???           00545     CALL SCAN
017C   1C34           00546     BTFSS ban, 0
017D   2???           00547     GOTO $-2
017E   0833           00548     MOVFW aux
017F   00B0           00549     MOVWF x6
                      00550    
0180   2???           00551     CALL SCAN
0181   1C34           00552     BTFSS ban, 0
0182   2???           00553     GOTO $-2
0183   0833           00554     MOVFW aux
0184   00B1           00555     MOVWF x7
                      00556     
0185   2???           00557     CALL SCAN
0186   1C34           00558     BTFSS ban, 0
0187   2???           00559     GOTO $-2
0188   0833           00560     MOVFW aux
0189   00B2           00561     MOVWF x8
                      00562     
MPASM 5.87                      PARCIAL2.ASM   11-3-2021  21:04:44         PAGE 12


LOC  OBJECT CODE     LINE SOURCE TEXT
  VALUE

018A   0008           00563     RETURN
                      00564     
018B                  00565 SCAN:    
018B   1034           00566     BCF ban, 0
                      00567     
018C   1407           00568     BSF PORTC, 0     
018D   1808           00569     BTFSC PORTD, 0
018E   2???           00570     CALL UNO ;Se oprimió 1
                      00571     
018F   1007           00572     BCF PORTC, 0
                      00573     
0190   1487           00574     BSF PORTC, 1   
0191   1808           00575     BTFSC PORTD, 0
0192   2???           00576     CALL DOS ;Se oprimió dos
                      00577     
0193   1087           00578     BCF PORTC, 1
                      00579     
0194   1507           00580     BSF PORTC, 2   
0195   1808           00581     BTFSC PORTD, 0
0196   2???           00582     CALL TRES ;Se oprimió tres
                      00583     
0197   1107           00584     BCF PORTC, 2
                      00585     
0198   1407           00586     BSF PORTC, 0   
0199   1888           00587     BTFSC PORTD, 1
019A   2???           00588     CALL CUATRO ;Se oprimió CUATRO
                      00589     
019B   1007           00590     BCF PORTC, 0
                      00591     
019C   1487           00592     BSF PORTC, 1   
019D   1888           00593     BTFSC PORTD, 1
019E   2???           00594     CALL CINCO ;Se oprimió CINCO
                      00595     
019F   1087           00596     BCF PORTC, 1
                      00597     
01A0   1507           00598     BSF PORTC, 2   
01A1   1888           00599     BTFSC PORTD, 1
01A2   2???           00600     CALL SEIS ;Se oprimió SEIS
                      00601     
01A3   1107           00602     BCF PORTC, 2
                      00603     
01A4   1407           00604     BSF PORTC, 0   
01A5   1908           00605     BTFSC PORTD, 2
01A6   2???           00606     CALL SIETE ;Se oprimió SIETE
                      00607     
01A7   1007           00608     BCF PORTC, 0
                      00609     
01A8   1487           00610     BSF PORTC, 1   
01A9   1908           00611     BTFSC PORTD, 2
01AA   2???           00612     CALL OCHO ;Se oprimió OCHO
                      00613     
01AB   1087           00614     BCF PORTC, 1
                      00615     
MPASM 5.87                      PARCIAL2.ASM   11-3-2021  21:04:44         PAGE 13


LOC  OBJECT CODE     LINE SOURCE TEXT
  VALUE

01AC   1507           00616     BSF PORTC, 2   
01AD   1908           00617     BTFSC PORTD, 2
01AE   2???           00618     CALL NUEVE ;Se oprimió NUEVE
                      00619     
01AF   1107           00620     BCF PORTC, 2
                      00621     
01B0   1407           00622     BSF PORTC, 0   
01B1   1988           00623     BTFSC PORTD, 3
01B2   2???           00624     CALL AST ;Se oprimió ASTERISCO
                      00625     
01B3   1007           00626     BCF PORTC, 0
                      00627     
01B4   1487           00628     BSF PORTC, 1   
01B5   1988           00629     BTFSC PORTD, 3
01B6   2???           00630     CALL ZERO ;Se oprimió CERO
                      00631     
01B7   1087           00632     BCF PORTC, 1
                      00633     
01B8   1507           00634     BSF PORTC, 2   
01B9   1988           00635     BTFSC PORTD, 3
01BA   2???           00636     CALL GATO ;Se oprimió GATO
                      00637     
01BB   1107           00638     BCF PORTC, 2
                      00639     
01BC   0008           00640     RETURN
                      00641 
01BD                  00642 UNO:     
01BD   3001           00643     MOVLW b'00000001'
01BE   00B3           00644     MOVWF aux
                      00645     
01BF   3031           00646     MOVLW '1'
01C0   0086           00647     MOVWF PORTB
                      00648     
01C1   2???           00649     CALL exec
                      00650     
01C2   1434           00651     BSF ban, 0
                      00652     
01C3   1808           00653     BTFSC PORTD, 0
01C4   2???           00654     GOTO $-1
01C5   2???           00655     call dynamo
01C6   0008           00656     RETURN  
                      00657     
01C7                  00658 DOS: 
01C7   3002           00659     MOVLW b'00000010'
01C8   00B3           00660     MOVWF aux
                      00661     
01C9   3032           00662     MOVLW '2'
01CA   0086           00663     MOVWF PORTB
                      00664     
01CB   2???           00665     CALL exec
                      00666     
01CC   1434           00667     BSF ban, 0
                      00668     
MPASM 5.87                      PARCIAL2.ASM   11-3-2021  21:04:44         PAGE 14


LOC  OBJECT CODE     LINE SOURCE TEXT
  VALUE

01CD   1808           00669     BTFSC PORTD, 0
01CE   2???           00670     GOTO $-1
01CF   2???           00671     call dynamo
01D0   0008           00672     RETURN
01D1                  00673 TRES:     
01D1   3003           00674     MOVLW b'00000011'
01D2   00B3           00675     MOVWF aux
                      00676     
01D3   3033           00677     MOVLW '3'
01D4   0086           00678     MOVWF PORTB
                      00679     
01D5   2???           00680     CALL exec
                      00681     
01D6   1434           00682     BSF ban, 0
                      00683     
01D7   1808           00684     BTFSC PORTD, 0
01D8   2???           00685     GOTO $-1
01D9   2???           00686     call dynamo
01DA   0008           00687     RETURN  
                      00688     
01DB                  00689 CUATRO: 
01DB   3004           00690     MOVLW b'00000100'
01DC   00B3           00691     MOVWF aux
                      00692     
01DD   3034           00693     MOVLW '4'
01DE   0086           00694     MOVWF PORTB
                      00695    
01DF   2???           00696     CALL exec
                      00697         
01E0   1434           00698     BSF ban, 0
                      00699     
01E1   1888           00700     BTFSC PORTD, 1
01E2   2???           00701     GOTO $-1
01E3   2???           00702     call dynamo
01E4   0008           00703     RETURN
                      00704     
01E5                  00705 CINCO:     
01E5   3005           00706     MOVLW b'00000101'
01E6   00B3           00707     MOVWF aux
                      00708     
01E7   3035           00709     MOVLW '5'
01E8   0086           00710     MOVWF PORTB
                      00711     
01E9   2???           00712     CALL exec
                      00713     
01EA   1434           00714     BSF ban, 0
                      00715     
01EB   1888           00716     BTFSC PORTD, 1
01EC   2???           00717     GOTO $-1
01ED   2???           00718     call dynamo
01EE   0008           00719     RETURN  
                      00720     
01EF                  00721 SEIS: 
MPASM 5.87                      PARCIAL2.ASM   11-3-2021  21:04:44         PAGE 15


LOC  OBJECT CODE     LINE SOURCE TEXT
  VALUE

01EF   3006           00722     MOVLW b'00000110'
01F0   00B3           00723     MOVWF aux
                      00724     
01F1   3036           00725     MOVLW '6'
01F2   0086           00726     MOVWF PORTB
                      00727     
                      00728     
01F3   2???           00729     CALL exec
                      00730     
01F4   1434           00731     BSF ban, 0
                      00732     
01F5   1888           00733     BTFSC PORTD, 1
01F6   2???           00734     GOTO $-1
01F7   2???           00735     call dynamo
01F8   0008           00736     RETURN
                      00737 
01F9                  00738 SIETE:     
01F9   3007           00739     MOVLW b'00000111'
01FA   00B3           00740     MOVWF aux
                      00741     
01FB   3037           00742     MOVLW '7'
01FC   0086           00743     MOVWF PORTB
                      00744     
01FD   2???           00745     CALL exec
                      00746     
01FE   1434           00747     BSF ban, 0
                      00748     
01FF   1908           00749     BTFSC PORTD, 2
0200   2???           00750     GOTO $-1
0201   2???           00751     call dynamo
0202   0008           00752     RETURN  
                      00753     
0203                  00754 OCHO: 
0203   3008           00755     MOVLW b'00001000'
0204   00B3           00756     MOVWF aux
                      00757     
0205   3038           00758     MOVLW '8'
0206   0086           00759     MOVWF PORTB
                      00760     
0207   2???           00761     CALL exec
                      00762     
0208   1434           00763     BSF ban, 0
                      00764     
0209   1908           00765     BTFSC PORTD, 2
020A   2???           00766     GOTO $-1
020B   2???           00767     call dynamo
020C   0008           00768     RETURN
                      00769 
020D                  00770 NUEVE: 
020D   3009           00771     MOVLW b'00001001'
020E   00B3           00772     MOVWF aux
                      00773     
020F   3039           00774     MOVLW '9'
MPASM 5.87                      PARCIAL2.ASM   11-3-2021  21:04:44         PAGE 16


LOC  OBJECT CODE     LINE SOURCE TEXT
  VALUE

0210   0086           00775     MOVWF PORTB
                      00776     
0211   2???           00777     CALL exec
                      00778     
0212   1434           00779     BSF ban, 0
                      00780     
0213   1908           00781     BTFSC PORTD, 2
0214   2???           00782     GOTO $-1
0215   2???           00783     call dynamo
0216   0008           00784     RETURN
                      00785     
0217                  00786 ZERO: 
0217   3000           00787     MOVLW b'00000000'
0218   00B3           00788     MOVWF aux
                      00789     
0219   3030           00790     MOVLW '0'
021A   0086           00791     MOVWF PORTB
021B   2???           00792     CALL exec
                      00793     
021C   1434           00794     BSF ban, 0
                      00795     
021D   1988           00796     BTFSC PORTD, 3
021E   2???           00797     GOTO $-1
021F   0008           00798     RETURN
                      00799 
0220                  00800 GATO:
0220   2???           00801     CALL ERRONEO
0221   01B4           00802     CLRF ban
0222   01B5           00803     CLRF carr
0223   01A5           00804     CLRF x1
0224   01A6           00805     CLRF x2
0225   01A7           00806     CLRF x3
0226   01A8           00807     CLRF x4
0227   01A9           00808     CLRF x5
0228   01B0           00809     CLRF x6
0229   01B1           00810     CLRF x7
022A   01B2           00811     CLRF x8
022B   2???           00812     GOTO FLEX
                      00813 
022C                  00814 AST:
022C   0008           00815     RETURN
                      00816     
022D                  00817 ERRONEO:    
022D   1005           00818     BCF PORTA,0         ;command mode
022E   2???           00819     CALL time
                      00820     
022F   30D8           00821     MOVLW 0xD8          ;LCD position
0230   0086           00822     MOVWF PORTB
0231   2???           00823     CALL exec
                      00824     
0232   1405           00825     BSF PORTA,0         ;data mode
0233   2???           00826     CALL time
                      00827     
MPASM 5.87                      PARCIAL2.ASM   11-3-2021  21:04:44         PAGE 17


LOC  OBJECT CODE     LINE SOURCE TEXT
  VALUE

0234   3020           00828     MOVLW ' '
0235   0086           00829     MOVWF PORTB
0236   2???           00830     CALL exec
                      00831     
0237   3020           00832     MOVLW ' '
0238   0086           00833     MOVWF PORTB
0239   2???           00834     CALL exec
                      00835     
023A   3020           00836     MOVLW ' '
023B   0086           00837     MOVWF PORTB
023C   2???           00838     CALL exec
                      00839     
023D   3020           00840     MOVLW ' '
023E   0086           00841     MOVWF PORTB
023F   2???           00842     CALL exec
                      00843    
0240   3020           00844     MOVLW ' '
0241   0086           00845     MOVWF PORTB
0242   2???           00846     CALL exec
                      00847     
0243   3020           00848     MOVLW ' '
0244   0086           00849     MOVWF PORTB
0245   2???           00850     CALL exec
                      00851    
0246   3020           00852     MOVLW ' '
0247   0086           00853     MOVWF PORTB
0248   2???           00854     CALL exec
                      00855     
0249   3020           00856     MOVLW ' '
024A   0086           00857     MOVWF PORTB
024B   2???           00858     CALL exec
                      00859     
024C   0008           00860     RETURN
                      00861     
024D                  00862 reset:
024D   2???           00863     CALL clear
024E   2???           00864     CALL PASSWORD
024F   2???           00865     CALL CLAVE
0250   2???           00866     CALL OCULTAR
0251   2???           00867     GOTO GUARDADO
0252   0008           00868     RETURN
                      00869    
                      00870 
0253                  00871 hide:
                      00872     
0253   302A           00873     MOVLW '*'
0254   0086           00874     MOVWF PORTB
0255   2???           00875     CALL exec
                      00876    
0256   0008           00877     RETURN
0257                  00878 OPC:
0257   1C33           00879     BTFSS aux, 0
0258   0D24           00880     RLF bin, 0
MPASM 5.87                      PARCIAL2.ASM   11-3-2021  21:04:44         PAGE 18


LOC  OBJECT CODE     LINE SOURCE TEXT
  VALUE

0259   0DA4           00881     RLF bin, 1
                      00882     
025A   0008           00883     RETURN
                      00884         
025B                  00885 COMP:
                      00886     
025B   0836           00887     MOVFW p1
025C   00B3           00888     MOVWF aux
025D   0625           00889     XORWF x1,W
025E   1D03           00890     BTFSS STATUS,Z
025F   2???           00891     CALL DENEGADO
                      00892     
0260   0837           00893     MOVFW p2
0261   00B3           00894     MOVWF aux
0262   0626           00895     XORWF x2,W
0263   1D03           00896     BTFSS STATUS,Z
0264   2???           00897     CALL DENEGADO
                      00898     
0265   0838           00899     MOVFW p3
0266   00B3           00900     MOVWF aux
0267   0627           00901     XORWF x3,W
0268   1D03           00902     BTFSS STATUS,Z
0269   2???           00903     CALL DENEGADO
                      00904     
026A   0839           00905     MOVFW p4
026B   00B3           00906     MOVWF aux
026C   0628           00907     XORWF x4,W
026D   1D03           00908     BTFSS STATUS,Z
026E   2???           00909     CALL DENEGADO
                      00910     
026F   0840           00911     MOVFW p5
0270   00B3           00912     MOVWF aux
0271   0629           00913     XORWF x5,W
0272   1D03           00914     BTFSS STATUS,Z
0273   2???           00915     CALL DENEGADO
                      00916     
0274   0841           00917     MOVFW p6
0275   00B3           00918     MOVWF aux
0276   0630           00919     XORWF x6,W
0277   1D03           00920     BTFSS STATUS,Z
0278   2???           00921     CALL DENEGADO
                      00922     
0279   0842           00923     MOVFW p7
027A   00B3           00924     MOVWF aux
027B   0631           00925     XORWF x7,W
027C   1D03           00926     BTFSS STATUS,Z
027D   2???           00927     CALL DENEGADO
                      00928     
027E   0843           00929     MOVFW p8
027F   00B3           00930     MOVWF aux
0280   0632           00931     XORWF x8,W
0281   1D03           00932     BTFSS STATUS,Z
0282   2???           00933     CALL DENEGADO
MPASM 5.87                      PARCIAL2.ASM   11-3-2021  21:04:44         PAGE 19


LOC  OBJECT CODE     LINE SOURCE TEXT
  VALUE

0283   2???           00934     CALL PERMITIDO
                      00935     
0284   0008           00936     RETURN
                      00937   
0285                  00938 PERMITIDO:
                      00939     
0285   2???           00940     CALL clear
Warning[207]: Found label after column 1. (PERMITIDO2)
0286                  00941     PERMITIDO2:
0286   3001           00942         MOVLW b'00000001'
0287   0089           00943         MOVWF PORTE
                      00944         
0288   1005           00945         BCF PORTA,0             ;command mode
0289   2???           00946         CALL time
                      00947         
028A   30C1           00948         MOVLW 0xC1              ;LCD position
028B   0086           00949         MOVWF PORTB
028C   2???           00950         CALL exec
                      00951         
028D   1405           00952         BSF PORTA,0             ;data mode
028E   2???           00953         CALL time
                      00954         
028F   3043           00955         MOVLW 'C'
0290   0086           00956         MOVWF PORTB
0291   2???           00957         CALL exec
                      00958         
0292   304F           00959         MOVLW 'O'
0293   0086           00960         MOVWF PORTB
0294   2???           00961         CALL exec
                      00962         
0295   3052           00963         MOVLW 'R'
0296   0086           00964         MOVWF PORTB
0297   2???           00965         CALL exec
                      00966         
0298   3052           00967         MOVLW 'R'
0299   0086           00968         MOVWF PORTB
029A   2???           00969         CALL exec
                      00970         
029B   3045           00971         MOVLW 'E'
029C   0086           00972         MOVWF PORTB
029D   2???           00973         CALL exec
                      00974         
029E   3043           00975         MOVLW 'C'
029F   0086           00976         MOVWF PORTB
02A0   2???           00977         CALL exec
                      00978         
02A1   3054           00979         MOVLW 'T'
02A2   0086           00980         MOVWF PORTB
02A3   2???           00981         CALL exec
                      00982         
02A4   304F           00983         MOVLW 'O'
02A5   0086           00984         MOVWF PORTB
02A6   2???           00985         CALL exec
MPASM 5.87                      PARCIAL2.ASM   11-3-2021  21:04:44         PAGE 20


LOC  OBJECT CODE     LINE SOURCE TEXT
  VALUE

                      00986         
                      00987         
                      00988 
02A7   1005           00989         BCF PORTA,0             ;command mode
02A8   2???           00990         CALL time
                      00991 
02A9   3091           00992         MOVLW 0x91              ;LCD position
02AA   0086           00993         MOVWF PORTB
02AB   2???           00994         CALL exec
                      00995 
02AC   1405           00996         BSF PORTA,0             ;data mode
02AD   2???           00997         CALL time
                      00998 
02AE   3047           00999         MOVLW 'G'
02AF   0086           01000         MOVWF PORTB
02B0   2???           01001         CALL exec
                      01002         
02B1   3052           01003         MOVLW 'R'
02B2   0086           01004         MOVWF PORTB
02B3   2???           01005         CALL exec
                      01006         
02B4   3041           01007         MOVLW 'A'
02B5   0086           01008         MOVWF PORTB
02B6   2???           01009         CALL exec
                      01010         
02B7   3043           01011         MOVLW 'C'
02B8   0086           01012         MOVWF PORTB
02B9   2???           01013         CALL exec
                      01014         
02BA   3049           01015         MOVLW 'I'
02BB   0086           01016         MOVWF PORTB
02BC   2???           01017         CALL exec
                      01018         
02BD   3041           01019         MOVLW 'A'
02BE   0086           01020         MOVWF PORTB
02BF   2???           01021         CALL exec
                      01022         
02C0   3053           01023         MOVLW 'S'
02C1   0086           01024         MOVWF PORTB
02C2   2???           01025         CALL exec
                      01026         
02C3   303A           01027         MOVLW ':'
02C4   0086           01028         MOVWF PORTB
02C5   2???           01029         CALL exec
                      01030         
02C6   3029           01031         MOVLW ')'
02C7   0086           01032         MOVWF PORTB
02C8   2???           01033         CALL exec
                      01034     
02C9   1407           01035         BSF PORTC, 0     
02CA   1988           01036         BTFSC PORTD, 3 
02CB   2???           01037         GOTO reset
02CC   2???           01038         GOTO PERMITIDO2
MPASM 5.87                      PARCIAL2.ASM   11-3-2021  21:04:44         PAGE 21


LOC  OBJECT CODE     LINE SOURCE TEXT
  VALUE

                      01039         
                      01040     
02CD                  01041 DENEGADO:
                      01042     
02CD   2???           01043     CALL clear
                      01044     
Warning[207]: Found label after column 1. (DENEGADO1)
02CE                  01045     DENEGADO1: 
02CE   3002           01046         MOVLW b'00000010'
02CF   0089           01047         MOVWF PORTE
                      01048     
02D0   1005           01049         BCF PORTA,0             ;command mode
02D1   2???           01050         CALL time
                      01051         
02D2   30C1           01052         MOVLW 0xC1              ;LCD position
02D3   0086           01053         MOVWF PORTB
02D4   2???           01054         CALL exec
                      01055         
02D5   1405           01056         BSF PORTA,0             ;data mode
02D6   2???           01057         CALL time
                      01058         
02D7   3043           01059         MOVLW 'C'
02D8   0086           01060         MOVWF PORTB
02D9   2???           01061         CALL exec
02DA   304F           01062         MOVLW 'O'
02DB   0086           01063         MOVWF PORTB
02DC   2???           01064         CALL exec
02DD   304E           01065         MOVLW 'N'
02DE   0086           01066         MOVWF PORTB
02DF   2???           01067         CALL exec
02E0   3054           01068         MOVLW 'T'
02E1   0086           01069         MOVWF PORTB
02E2   2???           01070         CALL exec
02E3   3052           01071         MOVLW 'R'
02E4   0086           01072         MOVWF PORTB
02E5   2???           01073         CALL exec
02E6   3041           01074         MOVLW 'A'
02E7   0086           01075         MOVWF PORTB
02E8   2???           01076         CALL exec
02E9   3053           01077         MOVLW 'S'
02EA   0086           01078         MOVWF PORTB
02EB   3045           01079         MOVLW 'E'
02EC   0086           01080         MOVWF PORTB
02ED   2???           01081         CALL exec
02EE   30D1           01082         MOVLW 'Ñ'
02EF   0086           01083         MOVWF PORTB
02F0   2???           01084         CALL exec
02F1   3041           01085         MOVLW 'A'
02F2   0086           01086         MOVWF PORTB
02F3   2???           01087         CALL exec
                      01088 
02F4   1005           01089         BCF PORTA,0             ;command mode
02F5   2???           01090         CALL time
MPASM 5.87                      PARCIAL2.ASM   11-3-2021  21:04:44         PAGE 22


LOC  OBJECT CODE     LINE SOURCE TEXT
  VALUE

                      01091 
02F6   3091           01092         MOVLW 0x91              ;LCD position
02F7   0086           01093         MOVWF PORTB
02F8   2???           01094         CALL exec
                      01095 
02F9   1405           01096         BSF PORTA,0             ;data mode
02FA   2???           01097         CALL time
                      01098 
02FB   3049           01099         MOVLW 'I'
02FC   0086           01100         MOVWF PORTB
02FD   2???           01101         CALL exec
                      01102         
02FE   304E           01103         MOVLW 'N'
02FF   0086           01104         MOVWF PORTB
0300   2???           01105         CALL exec
                      01106         
0301   3043           01107         MOVLW 'C'
0302   0086           01108         MOVWF PORTB
0303   2???           01109         CALL exec
                      01110         
0304   304F           01111         MOVLW 'O'
0305   0086           01112         MOVWF PORTB
0306   2???           01113         CALL exec
                      01114         
0307   3052           01115         MOVLW 'R'
0308   0086           01116         MOVWF PORTB
0309   2???           01117         CALL exec
                      01118         
030A   3052           01119         MOVLW 'R'
030B   0086           01120         MOVWF PORTB
030C   2???           01121         CALL exec
                      01122         
030D   3045           01123         MOVLW 'E'
030E   0086           01124         MOVWF PORTB
030F   2???           01125         CALL exec
                      01126         
0310   3043           01127         MOVLW 'C'
0311   0086           01128         MOVWF PORTB
0312   2???           01129         CALL exec
                      01130         
0313   3054           01131         MOVLW 'T'
0314   0086           01132         MOVWF PORTB
0315   2???           01133         CALL exec
                      01134         
0316   3041           01135         MOVLW 'A'
0317   0086           01136         MOVWF PORTB
0318   2???           01137         CALL exec
                      01138         
0319   303A           01139         MOVLW ':'
031A   0086           01140         MOVWF PORTB
031B   2???           01141         CALL exec
                      01142         
031C   3028           01143         MOVLW '('
MPASM 5.87                      PARCIAL2.ASM   11-3-2021  21:04:44         PAGE 23


LOC  OBJECT CODE     LINE SOURCE TEXT
  VALUE

031D   0086           01144         MOVWF PORTB
031E   2???           01145         CALL exec
031F   1407           01146         BSF PORTC, 0     
0320   1988           01147         BTFSC PORTD, 3
0321   2???           01148         GOTO reset
0322   2???           01149         GOTO DENEGADO1  
                      01150     
0323                  01151 LCDPOS:
0323   1005           01152     BCF PORTA,0         ;command mode
0324   2???           01153     CALL time
                      01154     
0325   3088           01155     MOVLW 0x88          ;LCD position
0326   0086           01156     MOVWF PORTB
0327   2???           01157     CALL exec
                      01158     
0328   1405           01159     BSF PORTA,0         ;data mode
0329   2???           01160     CALL time
                      01161     
032A   0008           01162     RETURN
                      01163    
032B                  01164 exec
                      01165 
032B   1485           01166     BSF PORTA,1         ;exec
032C   2???           01167     CALL time
032D   1085           01168     BCF PORTA,1
032E   2???           01169     CALL time
032F   0008           01170     RETURN
                      01171     
0330                  01172 time
0330   01A2           01173     CLRF i
0331   300A           01174     MOVLW d'10'
0332   00A3           01175     MOVWF j
0333                  01176 ciclo    
0333   3050           01177     MOVLW d'80'
0334   00A2           01178     MOVWF i
Message[305]: Using default destination of 1 (file).
0335   0BA2           01179     DECFSZ i
0336   2???           01180     GOTO $-1
Message[305]: Using default destination of 1 (file).
0337   0BA3           01181     DECFSZ j
0338   2???           01182     GOTO ciclo
0339   0008           01183     RETURN
                      01184     
033A                  01185 clear
033A   1005           01186     BCF PORTA,0         ;reset
033B   3001           01187     MOVLW 0x01
033C   0086           01188     MOVWF PORTB
                      01189     
033D   1485           01190     BSF PORTA,1         ;exec
033E   2???           01191     CALL time
033F   1085           01192     BCF PORTA,1
0340   2???           01193     CALL time
                      01194     
MPASM 5.87                      PARCIAL2.ASM   11-3-2021  21:04:44         PAGE 24


LOC  OBJECT CODE     LINE SOURCE TEXT
  VALUE

0341   300C           01195     MOVLW 0x0C          ;first line
0342   0086           01196     MOVWF PORTB
                      01197     
0343   1485           01198     BSF PORTA,1         ;exec
0344   2???           01199     CALL time
0345   1085           01200     BCF PORTA,1
0346   2???           01201     CALL time
                      01202          
0347   303C           01203     MOVLW 0x3C          ;cursor mode
0348   0086           01204     MOVWF PORTB
                      01205     
0349   1485           01206     BSF PORTA,1         ;exec
034A   2???           01207     CALL time
034B   1085           01208     BCF PORTA,1
034C   2???           01209     CALL time
                      01210     
034D   0008           01211     RETURN
                      01212     
034E                  01213 DELAY5S:
034E   3025           01214     movlw d'37' ;establecer valor de la variable k
034F   00C7           01215     movwf m
0350                  01216 mloop:
0350   0BC7           01217     decfsz m,f
0351   2???           01218     goto mloop
                      01219     ;;;;;;;;;;;;;;;;;;;;;;;;;;;;;;;;;
0352   30EF           01220     movlw d'239' ;establecer valor de la variable i
0353   00C4           01221     movwf y
0354                  01222 iloop:
0354   0000           01223     nop ;NOPs de relleno (ajuste de tiempo)
0355   30EB           01224     movlw d'235' ;establecer valor de la variable j
0356   00C5           01225     movwf t
0357                  01226 jloop:
0357   0000           01227     nop ;NOPs de relleno (ajuste de tiempo)
0358   301C           01228     movlw d'28' ;establecer valor de la variable k
0359   00C6           01229     movwf k
035A                  01230 kloop:
035A   0BC6           01231     decfsz k,f
035B   2???           01232     goto kloop
035C   0BC5           01233     decfsz t,f
035D   2???           01234     goto jloop
035E   0BC4           01235     decfsz y,f
035F   2???           01236     goto iloop
                      01237     
0360   0008           01238     RETURN
Warning[207]: Found label after column 1. (dynamo)
0361                  01239     dynamo:
0361   1005           01240     BCF PORTA,0
0362   2???           01241     CALL time
                      01242     
0363   3010           01243     MOVLW 0x10
0364   0086           01244     MOVWF PORTB
0365   2???           01245     CALL exec
                      01246     
MPASM 5.87                      PARCIAL2.ASM   11-3-2021  21:04:44         PAGE 25


LOC  OBJECT CODE     LINE SOURCE TEXT
  VALUE

0366   1405           01247     BSF PORTA, 0
0367   2???           01248     CALL time
                      01249     
0368   302A           01250     MOVLW '*'
0369   0086           01251     MOVWF PORTB
036A   2???           01252     CALL exec
                      01253     
036B   0008           01254     RETURN
2CF4 3FFF             01255     END
MPASM 5.87                      PARCIAL2.ASM   11-3-2021  21:04:44         PAGE 26


SYMBOL TABLE
  LABEL                             VALUE 

ABDEN                             00000000
ABDOVF                            00000007
ACKDT                             00000005
ACKEN                             00000004
ACKSTAT                           00000006
ADCON0                            0000001F
ADCON1                            0000009F
ADCS0                             00000006
ADCS1                             00000007
ADDEN                             00000003
ADFM                              00000007
ADIE                              00000006
ADIF                              00000006
ADON                              00000000
ADRESH                            0000001E
ADRESL                            0000009E
ANS0                              00000000
ANS1                              00000001
ANS10                             00000002
ANS11                             00000003
ANS12                             00000004
ANS13                             00000005
ANS2                              00000002
ANS3                              00000003
ANS4                              00000004
ANS5                              00000005
ANS6                              00000006
ANS7                              00000007
ANS8                              00000000
ANS9                              00000001
ANSEL                             00000188
ANSELH                            00000189
AST                               0000022C
BAUDCTL                           00000187
BCLIE                             00000003
BCLIF                             00000003
BF                                00000000
BRG0                              00000000
BRG1                              00000001
BRG10                             00000002
BRG11                             00000003
BRG12                             00000004
BRG13                             00000005
BRG14                             00000006
BRG15                             00000007
BRG16                             00000003
BRG2                              00000002
BRG3                              00000003
BRG4                              00000004
BRG5                              00000005
BRG6                              00000006
BRG7                              00000007
BRG8                              00000000
MPASM 5.87                      PARCIAL2.ASM   11-3-2021  21:04:44         PAGE 27


SYMBOL TABLE
  LABEL                             VALUE 

BRG9                              00000001
BRGH                              00000002
C                                 00000000
C1CH0                             00000000
C1CH1                             00000001
C1IE                              00000005
C1IF                              00000005
C1OE                              00000005
C1ON                              00000007
C1OUT                             00000006
C1POL                             00000004
C1R                               00000002
C1RSEL                            00000005
C1SEN                             00000005
C2CH0                             00000000
C2CH1                             00000001
C2IE                              00000006
C2IF                              00000006
C2OE                              00000005
C2ON                              00000007
C2OUT                             00000006
C2POL                             00000004
C2R                               00000002
C2REN                             00000004
C2RSEL                            00000004
C2SYNC                            00000000
CCP1CON                           00000017
CCP1IE                            00000002
CCP1IF                            00000002
CCP1M0                            00000000
CCP1M1                            00000001
CCP1M2                            00000002
CCP1M3                            00000003
CCP1X                             00000005
CCP1Y                             00000004
CCP2CON                           0000001D
CCP2IE                            00000000
CCP2IF                            00000000
CCP2M0                            00000000
CCP2M1                            00000001
CCP2M2                            00000002
CCP2M3                            00000003
CCP2X                             00000005
CCP2Y                             00000004
CCPR1                             00000015
CCPR1H                            00000016
CCPR1L                            00000015
CCPR2                             0000001B
CCPR2H                            0000001C
CCPR2L                            0000001B
CHS0                              00000002
CHS1                              00000003
CHS2                              00000004
MPASM 5.87                      PARCIAL2.ASM   11-3-2021  21:04:44         PAGE 28


SYMBOL TABLE
  LABEL                             VALUE 

CHS3                              00000005
CINCO                             000001E5
CKE                               00000006
CKP                               00000004
CLAVE                             0000010D
CM1CON0                           00000107
CM2CON0                           00000108
CM2CON1                           00000109
COMP                              0000025B
CREN                              00000004
CSRC                              00000007
CUATRO                            000001DB
D                                 00000005
DATA_ADDRESS                      00000005
DC                                00000001
DC1B0                             00000004
DC1B1                             00000005
DC2B0                             00000004
DC2B1                             00000005
DELAY5S                           0000034E
DENEGADO                          000002CD
DENEGADO1                         000002CE
DOS                               000001C7
D_A                               00000005
D_NOT_A                           00000005
ECCPAS                            0000009C
ECCPAS0                           00000004
ECCPAS1                           00000005
ECCPAS2                           00000006
ECCPASE                           00000007
EEADR                             0000010D
EEADRH                            0000010F
EECON1                            0000018C
EECON2                            0000018D
EEDAT                             0000010C
EEDATA                            0000010C
EEDATH                            0000010E
EEIE                              00000004
EEIF                              00000004
EEPGD                             00000007
ENTRY                             00000137
ERRONEO                           0000022D
F                                 00000001
FERR                              00000002
FLEX                              00000045
FSR                               00000004
FVREN                             00000000
GATO                              00000220
GCEN                              00000007
GIE                               00000007
GO                                00000001
GO_DONE                           00000001
GO_NOT_DONE                       00000001
MPASM 5.87                      PARCIAL2.ASM   11-3-2021  21:04:44         PAGE 29


SYMBOL TABLE
  LABEL                             VALUE 

GUARDADO                          00000161
HTS                               00000002
I2C_DATA                          00000005
I2C_READ                          00000002
I2C_START                         00000003
I2C_STOP                          00000004
INDF                              00000000
INICIO                            00000043
INITLCD                           0000002C
INTCON                            0000000B
INTE                              00000004
INTEDG                            00000006
INTF                              00000001
IOCB                              00000096
IOCB0                             00000000
IOCB1                             00000001
IOCB2                             00000002
IOCB3                             00000003
IOCB4                             00000004
IOCB5                             00000005
IOCB6                             00000006
IOCB7                             00000007
IRCF0                             00000004
IRCF1                             00000005
IRCF2                             00000006
IRP                               00000007
LCDPOS                            00000323
LTS                               00000001
MC1OUT                            00000007
MC2OUT                            00000006
MSK                               00000093
MSK0                              00000000
MSK1                              00000001
MSK2                              00000002
MSK3                              00000003
MSK4                              00000004
MSK5                              00000005
MSK6                              00000006
MSK7                              00000007
NOT_A                             00000005
NOT_ADDRESS                       00000005
NOT_BO                            00000000
NOT_BOR                           00000000
NOT_DONE                          00000001
NOT_PD                            00000003
NOT_POR                           00000001
NOT_RBPU                          00000007
NOT_RC8                           00000006
NOT_T1SYNC                        00000002
NOT_TO                            00000004
NOT_TX8                           00000006
NOT_W                             00000002
NOT_WRITE                         00000002
MPASM 5.87                      PARCIAL2.ASM   11-3-2021  21:04:44         PAGE 30


SYMBOL TABLE
  LABEL                             VALUE 

NUEVE                             0000020D
OCHO                              00000203
OCULTAR                           000000EE
OERR                              00000001
OPC                               00000257
OPTION_REG                        00000081
OSCCON                            0000008F
OSCTUNE                           00000090
OSFIE                             00000007
OSFIF                             00000007
OSTS                              00000003
P                                 00000004
P1M0                              00000006
P1M1                              00000007
PANTALLA1                         00000048
PASSWORD                          000000CB
PCL                               00000002
PCLATH                            0000000A
PCON                              0000008E
PDC0                              00000000
PDC1                              00000001
PDC2                              00000002
PDC3                              00000003
PDC4                              00000004
PDC5                              00000005
PDC6                              00000006
PEIE                              00000006
PEN                               00000002
PERMITIDO                         00000285
PERMITIDO2                        00000286
PIE1                              0000008C
PIE2                              0000008D
PIR1                              0000000C
PIR2                              0000000D
PORTA                             00000005
PORTB                             00000006
PORTC                             00000007
PORTD                             00000008
PORTE                             00000009
POS1                              00000127
POS2                              0000012F
PR2                               00000092
PRSEN                             00000007
PS0                               00000000
PS1                               00000001
PS2                               00000002
PSA                               00000003
PSSAC0                            00000002
PSSAC1                            00000003
PSSBD0                            00000000
PSSBD1                            00000001
PSTRCON                           0000009D
PULSR                             00000002
MPASM 5.87                      PARCIAL2.ASM   11-3-2021  21:04:44         PAGE 31


SYMBOL TABLE
  LABEL                             VALUE 

PULSS                             00000003
PWM1CON                           0000009B
R                                 00000002
RA0                               00000000
RA1                               00000001
RA2                               00000002
RA3                               00000003
RA4                               00000004
RA5                               00000005
RA6                               00000006
RA7                               00000007
RB0                               00000000
RB1                               00000001
RB2                               00000002
RB3                               00000003
RB4                               00000004
RB5                               00000005
RB6                               00000006
RB7                               00000007
RBIE                              00000003
RBIF                              00000000
RC0                               00000000
RC1                               00000001
RC2                               00000002
RC3                               00000003
RC4                               00000004
RC5                               00000005
RC6                               00000006
RC7                               00000007
RC8_9                             00000006
RC9                               00000006
RCD8                              00000000
RCEN                              00000003
RCIDL                             00000006
RCIE                              00000005
RCIF                              00000005
RCREG                             0000001A
RCSTA                             00000018
RD                                00000000
RD0                               00000000
RD1                               00000001
RD2                               00000002
RD3                               00000003
RD4                               00000004
RD5                               00000005
RD6                               00000006
RD7                               00000007
RE0                               00000000
RE1                               00000001
RE2                               00000002
RE3                               00000003
READ_WRITE                        00000002
RP0                               00000005
MPASM 5.87                      PARCIAL2.ASM   11-3-2021  21:04:44         PAGE 32


SYMBOL TABLE
  LABEL                             VALUE 

RP1                               00000006
RSEN                              00000001
RX9                               00000006
RX9D                              00000000
R_NOT_W                           00000002
R_W                               00000002
S                                 00000003
SBOREN                            00000004
SCAN                              0000018B
SCKP                              00000004
SCS                               00000000
SEIS                              000001EF
SEN                               00000000
SENDB                             00000003
SIETE                             000001F9
SMP                               00000007
SPBRG                             00000099
SPBRGH                            0000009A
SPEN                              00000007
SR0                               00000006
SR1                               00000007
SRCON                             00000185
SREN                              00000005
SSPADD                            00000093
SSPBUF                            00000013
SSPCON                            00000014
SSPCON2                           00000091
SSPEN                             00000005
SSPIE                             00000003
SSPIF                             00000003
SSPM0                             00000000
SSPM1                             00000001
SSPM2                             00000002
SSPM3                             00000003
SSPMSK                            00000093
SSPOV                             00000006
SSPSTAT                           00000094
START                             00000000
STATUS                            00000003
STRA                              00000000
STRB                              00000001
STRC                              00000002
STRD                              00000003
STRSYNC                           00000004
SWDTEN                            00000000
SYNC                              00000004
T0CS                              00000005
T0IE                              00000005
T0IF                              00000002
T0SE                              00000004
T1CKPS0                           00000004
T1CKPS1                           00000005
T1CON                             00000010
MPASM 5.87                      PARCIAL2.ASM   11-3-2021  21:04:44         PAGE 33


SYMBOL TABLE
  LABEL                             VALUE 

T1GINV                            00000007
T1GIV                             00000007
T1GSS                             00000001
T1INSYNC                          00000002
T1OSCEN                           00000003
T1SYNC                            00000002
T2CKPS0                           00000000
T2CKPS1                           00000001
T2CON                             00000012
TMR0                              00000001
TMR0IE                            00000005
TMR0IF                            00000002
TMR1                              0000000E
TMR1CS                            00000001
TMR1GE                            00000006
TMR1H                             0000000F
TMR1IE                            00000000
TMR1IF                            00000000
TMR1L                             0000000E
TMR1ON                            00000000
TMR2                              00000011
TMR2IE                            00000001
TMR2IF                            00000001
TMR2ON                            00000002
TOUTPS0                           00000003
TOUTPS1                           00000004
TOUTPS2                           00000005
TOUTPS3                           00000006
TRES                              000001D1
TRISA                             00000085
TRISA0                            00000000
TRISA1                            00000001
TRISA2                            00000002
TRISA3                            00000003
TRISA4                            00000004
TRISA5                            00000005
TRISA6                            00000006
TRISA7                            00000007
TRISB                             00000086
TRISB0                            00000000
TRISB1                            00000001
TRISB2                            00000002
TRISB3                            00000003
TRISB4                            00000004
TRISB5                            00000005
TRISB6                            00000006
TRISB7                            00000007
TRISC                             00000087
TRISC0                            00000000
TRISC1                            00000001
TRISC2                            00000002
TRISC3                            00000003
TRISC4                            00000004
MPASM 5.87                      PARCIAL2.ASM   11-3-2021  21:04:44         PAGE 34


SYMBOL TABLE
  LABEL                             VALUE 

TRISC5                            00000005
TRISC6                            00000006
TRISC7                            00000007
TRISD                             00000088
TRISD0                            00000000
TRISD1                            00000001
TRISD2                            00000002
TRISD3                            00000003
TRISD4                            00000004
TRISD5                            00000005
TRISD6                            00000006
TRISD7                            00000007
TRISE                             00000089
TRISE0                            00000000
TRISE1                            00000001
TRISE2                            00000002
TRISE3                            00000003
TRMT                              00000001
TUN0                              00000000
TUN1                              00000001
TUN2                              00000002
TUN3                              00000003
TUN4                              00000004
TX8_9                             00000006
TX9                               00000006
TX9D                              00000000
TXD8                              00000000
TXEN                              00000005
TXIE                              00000004
TXIF                              00000004
TXREG                             00000019
TXSTA                             00000098
UA                                00000001
ULPWUE                            00000005
ULPWUIE                           00000002
ULPWUIF                           00000002
UNO                               000001BD
VCFG0                             00000004
VCFG1                             00000005
VR0                               00000000
VR1                               00000001
VR2                               00000002
VR3                               00000003
VRCON                             00000097
VREN                              00000007
VROE                              00000006
VRR                               00000005
VRSS                              00000004
W                                 00000000
WCOL                              00000007
WDTCON                            00000105
WDTPS0                            00000001
WDTPS1                            00000002
MPASM 5.87                      PARCIAL2.ASM   11-3-2021  21:04:44         PAGE 35


SYMBOL TABLE
  LABEL                             VALUE 

WDTPS2                            00000003
WDTPS3                            00000004
WPUB                              00000095
WPUB0                             00000000
WPUB1                             00000001
WPUB2                             00000002
WPUB3                             00000003
WPUB4                             00000004
WPUB5                             00000005
WPUB6                             00000006
WPUB7                             00000007
WR                                00000001
WREN                              00000002
WRERR                             00000003
WUE                               00000001
Z                                 00000002
ZERO                              00000217
_BOR21V                           00003EFF
_BOR40V                           00003FFF
_BOR4V_BOR21V                     00003EFF
_BOR4V_BOR40V                     00003FFF
_BOREN_NSLEEP                     00003EFF
_BOREN_OFF                        00003CFF
_BOREN_ON                         00003FFF
_BOREN_SBODEN                     00003DFF
_BOR_NSLEEP                       00003EFF
_BOR_OFF                          00003CFF
_BOR_ON                           00003FFF
_BOR_SBODEN                       00003DFF
_CONFIG1                          00002007
_CONFIG2                          00002008
_CPD_OFF                          00003FFF
_CPD_ON                           00003F7F
_CP_OFF                           00003FFF
_CP_ON                            00003FBF
_DEBUG_OFF                        00003FFF
_DEBUG_ON                         00001FFF
_DEVID1                           00002006
_EC_OSC                           00003FFB
_EXTRC                            00003FFF
_EXTRCIO                          00003FFE
_EXTRC_OSC_CLKOUT                 00003FFF
_EXTRC_OSC_NOCLKOUT               00003FFE
_FCMEN_OFF                        000037FF
_FCMEN_ON                         00003FFF
_FOSC_EC                          00003FFB
_FOSC_EXTRC_CLKOUT                00003FFF
_FOSC_EXTRC_NOCLKOUT              00003FFE
_FOSC_HS                          00003FFA
_FOSC_INTRC_CLKOUT                00003FFD
_FOSC_INTRC_NOCLKOUT              00003FFC
_FOSC_LP                          00003FF8
_FOSC_XT                          00003FF9
MPASM 5.87                      PARCIAL2.ASM   11-3-2021  21:04:44         PAGE 36


SYMBOL TABLE
  LABEL                             VALUE 

_HS_OSC                           00003FFA
_IDLOC0                           00002000
_IDLOC1                           00002001
_IDLOC2                           00002002
_IDLOC3                           00002003
_IESO_OFF                         00003BFF
_IESO_ON                          00003FFF
_INTOSC                           00003FFD
_INTOSCIO                         00003FFC
_INTRC_OSC_CLKOUT                 00003FFD
_INTRC_OSC_NOCLKOUT               00003FFC
_LP_OSC                           00003FF8
_LVP_OFF                          00002FFF
_LVP_ON                           00003FFF
_MAIN_PROG_013A                   0000013A
_MAIN_PROG_013F                   0000013F
_MAIN_PROG_0144                   00000144
_MAIN_PROG_0149                   00000149
_MAIN_PROG_014E                   0000014E
_MAIN_PROG_0153                   00000153
_MAIN_PROG_0158                   00000158
_MAIN_PROG_015D                   0000015D
_MAIN_PROG_0164                   00000164
_MAIN_PROG_0169                   00000169
_MAIN_PROG_016E                   0000016E
_MAIN_PROG_0173                   00000173
_MAIN_PROG_0178                   00000178
_MAIN_PROG_017D                   0000017D
_MAIN_PROG_0182                   00000182
_MAIN_PROG_0187                   00000187
_MAIN_PROG_01C4                   000001C4
_MAIN_PROG_01CE                   000001CE
_MAIN_PROG_01D8                   000001D8
_MAIN_PROG_01E2                   000001E2
_MAIN_PROG_01EC                   000001EC
_MAIN_PROG_01F6                   000001F6
_MAIN_PROG_0200                   00000200
_MAIN_PROG_020A                   0000020A
_MAIN_PROG_0214                   00000214
_MAIN_PROG_021E                   0000021E
_MAIN_PROG_0336                   00000336
_MCLRE_OFF                        00003FDF
_MCLRE_ON                         00003FFF
_PWRTE_OFF                        00003FFF
_PWRTE_ON                         00003FEF
_WDTE_OFF                         00003FF7
_WDTE_ON                          00003FFF
_WDT_OFF                          00003FF7
_WDT_ON                           00003FFF
_WRT_1FOURTH                      00003BFF
_WRT_256                          00003DFF
_WRT_HALF                         000039FF
_WRT_OFF                          00003FFF
MPASM 5.87                      PARCIAL2.ASM   11-3-2021  21:04:44         PAGE 37


SYMBOL TABLE
  LABEL                             VALUE 

_XT_OSC                           00003FF9
__16F887                          00000001
aux                               00000033
ban                               00000034
bin                               00000024
carr                              00000035
ciclo                             00000333
clear                             0000033A
dynamo                            00000361
exec                              0000032B
hide                              00000253
i                                 00000022
iloop                             00000354
j                                 00000023
jloop                             00000357
k                                 00000046
kloop                             0000035A
m                                 00000047
mloop                             00000350
p1                                00000036
p2                                00000037
p3                                00000038
p4                                00000039
p5                                00000040
p6                                00000041
p7                                00000042
p8                                00000043
reset                             0000024D
t                                 00000045
time                              00000330
x1                                00000025
x2                                00000026
x3                                00000027
x4                                00000028
x5                                00000029
x6                                00000030
x7                                00000031
x8                                00000032
y                                 00000044

Errors   :     0
Warnings :     3 reported,     0 suppressed
Messages :    11 reported,     0 suppressed

